2020-05-07 18:22:14.318 [INFO ] [restartedMain] c.e.d.DevopscasestudyApplication - Starting DevopscasestudyApplication on DESKTOP-TKNVAOI with PID 23976 (C:\devops\java\devopscasestudy\target\classes started by AshutoshKumar in C:\devops\java\devopscasestudy)
2020-05-07 18:22:14.318 [INFO ] [restartedMain] c.e.d.DevopscasestudyApplication - No active profile set, falling back to default profiles: default
2020-05-07 18:22:14.634 [INFO ] [restartedMain] o.s.d.r.c.RepositoryConfigurationDelegate - Bootstrapping Spring Data JPA repositories in DEFAULT mode.
2020-05-07 18:22:14.650 [INFO ] [restartedMain] o.s.d.r.c.RepositoryConfigurationDelegate - Finished Spring Data repository scanning in 13ms. Found 1 JPA repository interfaces.
2020-05-07 18:22:14.802 [INFO ] [restartedMain] o.s.b.w.e.t.TomcatWebServer - Tomcat initialized with port(s): 8083 (http)
2020-05-07 18:22:14.803 [INFO ] [restartedMain] o.a.c.c.StandardService - Starting service [Tomcat]
2020-05-07 18:22:14.803 [INFO ] [restartedMain] o.a.c.c.StandardEngine - Starting Servlet engine: [Apache Tomcat/9.0.33]
2020-05-07 18:22:14.846 [INFO ] [restartedMain] o.a.c.c.C.[.[.[/] - Initializing Spring embedded WebApplicationContext
2020-05-07 18:22:14.847 [DEBUG] [restartedMain] o.s.w.c.ContextLoader - Published root WebApplicationContext as ServletContext attribute with name [org.springframework.web.context.WebApplicationContext.ROOT]
2020-05-07 18:22:14.848 [INFO ] [restartedMain] o.s.w.c.ContextLoader - Root WebApplicationContext: initialization completed in 527 ms
2020-05-07 18:22:14.911 [INFO ] [restartedMain] o.h.j.i.u.LogHelper - HHH000204: Processing PersistenceUnitInfo [name: default]
2020-05-07 18:22:14.921 [INFO ] [restartedMain] c.z.h.HikariDataSource - HikariPool-4 - Starting...
2020-05-07 18:22:14.929 [INFO ] [restartedMain] c.z.h.HikariDataSource - HikariPool-4 - Start completed.
2020-05-07 18:22:14.929 [INFO ] [restartedMain] o.h.d.Dialect - HHH000400: Using dialect: org.hibernate.dialect.MySQL55Dialect
2020-05-07 18:22:15.260 [INFO ] [restartedMain] o.h.e.t.j.p.i.JtaPlatformInitiator - HHH000490: Using JtaPlatform implementation: [org.hibernate.engine.transaction.jta.platform.internal.NoJtaPlatform]
2020-05-07 18:22:15.261 [INFO ] [restartedMain] o.s.o.j.LocalContainerEntityManagerFactoryBean - Initialized JPA EntityManagerFactory for persistence unit 'default'
2020-05-07 18:22:15.276 [INFO ] [restartedMain] o.s.b.d.a.OptionalLiveReloadServer - LiveReload server is running on port 35729
2020-05-07 18:22:15.356 [WARN ] [restartedMain] o.s.b.a.o.j.JpaBaseConfiguration$JpaWebConfiguration - spring.jpa.open-in-view is enabled by default. Therefore, database queries may be performed during view rendering. Explicitly configure spring.jpa.open-in-view to disable this warning
2020-05-07 18:22:15.404 [INFO ] [restartedMain] o.s.s.c.ThreadPoolTaskExecutor - Initializing ExecutorService 'applicationTaskExecutor'
2020-05-07 18:22:15.409 [DEBUG] [restartedMain] o.s.w.s.m.m.a.RequestMappingHandlerAdapter - ControllerAdvice beans: 0 @ModelAttribute, 0 @InitBinder, 1 RequestBodyAdvice, 1 ResponseBodyAdvice
2020-05-07 18:22:15.418 [DEBUG] [restartedMain] o.s.w.s.m.m.a.RequestMappingHandlerMapping - 7 mappings in 'requestMappingHandlerMapping'
2020-05-07 18:22:15.438 [DEBUG] [restartedMain] o.s.w.s.h.SimpleUrlHandlerMapping - Patterns [/webjars/**, /**] in 'resourceHandlerMapping'
2020-05-07 18:22:15.446 [DEBUG] [restartedMain] o.s.w.s.m.m.a.ExceptionHandlerExceptionResolver - ControllerAdvice beans: 0 @ExceptionHandler, 1 ResponseBodyAdvice
2020-05-07 18:22:15.507 [INFO ] [restartedMain] o.s.b.w.e.t.TomcatWebServer - Tomcat started on port(s): 8083 (http) with context path ''
2020-05-07 18:22:15.509 [INFO ] [restartedMain] c.e.d.DevopscasestudyApplication - Started DevopscasestudyApplication in 1.261 seconds (JVM running for 973.313)
2020-05-07 18:22:15.512 [INFO ] [restartedMain] o.s.b.d.a.ConditionEvaluationDeltaLoggingListener - Condition evaluation unchanged
2020-05-07 18:27:53.548 [INFO ] [Thread-18] o.s.s.c.ThreadPoolTaskExecutor - Shutting down ExecutorService 'applicationTaskExecutor'
2020-05-07 18:27:53.551 [INFO ] [Thread-18] o.s.o.j.LocalContainerEntityManagerFactoryBean - Closing JPA EntityManagerFactory for persistence unit 'default'
2020-05-07 18:27:53.553 [INFO ] [Thread-18] c.z.h.HikariDataSource - HikariPool-4 - Shutdown initiated...
2020-05-07 18:27:53.569 [INFO ] [Thread-18] c.z.h.HikariDataSource - HikariPool-4 - Shutdown completed.
2020-05-07 18:27:55.304 [INFO ] [restartedMain] c.e.d.DevopscasestudyApplication - Starting DevopscasestudyApplication on DESKTOP-TKNVAOI with PID 23976 (C:\devops\java\devopscasestudy\target\classes started by AshutoshKumar in C:\devops\java\devopscasestudy)
2020-05-07 18:27:55.305 [INFO ] [restartedMain] c.e.d.DevopscasestudyApplication - No active profile set, falling back to default profiles: default
2020-05-07 18:27:55.743 [INFO ] [restartedMain] o.s.d.r.c.RepositoryConfigurationDelegate - Bootstrapping Spring Data JPA repositories in DEFAULT mode.
2020-05-07 18:27:55.763 [INFO ] [restartedMain] o.s.d.r.c.RepositoryConfigurationDelegate - Finished Spring Data repository scanning in 18ms. Found 1 JPA repository interfaces.
2020-05-07 18:27:55.951 [INFO ] [restartedMain] o.s.b.w.e.t.TomcatWebServer - Tomcat initialized with port(s): 8083 (http)
2020-05-07 18:27:55.952 [INFO ] [restartedMain] o.a.c.c.StandardService - Starting service [Tomcat]
2020-05-07 18:27:55.952 [INFO ] [restartedMain] o.a.c.c.StandardEngine - Starting Servlet engine: [Apache Tomcat/9.0.33]
2020-05-07 18:27:55.997 [INFO ] [restartedMain] o.a.c.c.C.[.[.[/] - Initializing Spring embedded WebApplicationContext
2020-05-07 18:27:55.997 [INFO ] [restartedMain] o.s.w.c.ContextLoader - Root WebApplicationContext: initialization completed in 688 ms
2020-05-07 18:27:56.066 [INFO ] [restartedMain] o.h.j.i.u.LogHelper - HHH000204: Processing PersistenceUnitInfo [name: default]
2020-05-07 18:27:56.080 [INFO ] [restartedMain] c.z.h.HikariDataSource - HikariPool-5 - Starting...
2020-05-07 18:27:56.089 [INFO ] [restartedMain] c.z.h.HikariDataSource - HikariPool-5 - Start completed.
2020-05-07 18:27:56.089 [INFO ] [restartedMain] o.h.d.Dialect - HHH000400: Using dialect: org.hibernate.dialect.MySQL55Dialect
2020-05-07 18:27:56.549 [INFO ] [restartedMain] o.h.e.t.j.p.i.JtaPlatformInitiator - HHH000490: Using JtaPlatform implementation: [org.hibernate.engine.transaction.jta.platform.internal.NoJtaPlatform]
2020-05-07 18:27:56.550 [INFO ] [restartedMain] o.s.o.j.LocalContainerEntityManagerFactoryBean - Initialized JPA EntityManagerFactory for persistence unit 'default'
2020-05-07 18:27:56.569 [INFO ] [restartedMain] o.s.b.d.a.OptionalLiveReloadServer - LiveReload server is running on port 35729
2020-05-07 18:27:56.680 [WARN ] [restartedMain] o.s.b.a.o.j.JpaBaseConfiguration$JpaWebConfiguration - spring.jpa.open-in-view is enabled by default. Therefore, database queries may be performed during view rendering. Explicitly configure spring.jpa.open-in-view to disable this warning
2020-05-07 18:27:56.739 [INFO ] [restartedMain] o.s.s.c.ThreadPoolTaskExecutor - Initializing ExecutorService 'applicationTaskExecutor'
2020-05-07 18:27:56.858 [INFO ] [restartedMain] o.s.b.w.e.t.TomcatWebServer - Tomcat started on port(s): 8083 (http) with context path ''
2020-05-07 18:27:56.860 [INFO ] [restartedMain] c.e.d.DevopscasestudyApplication - Started DevopscasestudyApplication in 1.609 seconds (JVM running for 1314.664)
2020-05-07 18:27:56.863 [INFO ] [restartedMain] o.s.b.d.a.ConditionEvaluationDeltaLoggingListener - Condition evaluation unchanged
2020-05-07 18:28:00.680 [INFO ] [RMI TCP Connection(45)-127.0.0.1] o.s.b.a.SpringApplicationAdminMXBeanRegistrar$SpringApplicationAdmin - Application shutdown requested.
2020-05-07 18:28:00.682 [INFO ] [RMI TCP Connection(45)-127.0.0.1] o.s.s.c.ThreadPoolTaskExecutor - Shutting down ExecutorService 'applicationTaskExecutor'
2020-05-07 18:28:00.683 [INFO ] [RMI TCP Connection(45)-127.0.0.1] o.s.o.j.LocalContainerEntityManagerFactoryBean - Closing JPA EntityManagerFactory for persistence unit 'default'
2020-05-07 18:28:00.684 [INFO ] [RMI TCP Connection(45)-127.0.0.1] c.z.h.HikariDataSource - HikariPool-5 - Shutdown initiated...
2020-05-07 18:28:00.696 [INFO ] [RMI TCP Connection(45)-127.0.0.1] c.z.h.HikariDataSource - HikariPool-5 - Shutdown completed.
2020-05-07 18:28:24.173 [INFO ] [restartedMain] c.e.d.DevopscasestudyApplication - Starting DevopscasestudyApplication on DESKTOP-TKNVAOI with PID 11612 (C:\devops\java\devopscasestudy\target\classes started by AshutoshKumar in C:\devops\java\devopscasestudy)
2020-05-07 18:28:24.180 [INFO ] [restartedMain] c.e.d.DevopscasestudyApplication - No active profile set, falling back to default profiles: default
2020-05-07 18:28:24.262 [INFO ] [restartedMain] o.s.b.d.r.ChangeableUrls - The Class-Path manifest attribute in C:\Users\AshutoshKumar\.m2\repository\org\glassfish\jaxb\jaxb-runtime\2.3.2\jaxb-runtime-2.3.2.jar referenced one or more files that do not exist: file:/C:/Users/AshutoshKumar/.m2/repository/org/glassfish/jaxb/jaxb-runtime/2.3.2/jakarta.xml.bind-api-2.3.2.jar,file:/C:/Users/AshutoshKumar/.m2/repository/org/glassfish/jaxb/jaxb-runtime/2.3.2/txw2-2.3.2.jar,file:/C:/Users/AshutoshKumar/.m2/repository/org/glassfish/jaxb/jaxb-runtime/2.3.2/istack-commons-runtime-3.0.8.jar,file:/C:/Users/AshutoshKumar/.m2/repository/org/glassfish/jaxb/jaxb-runtime/2.3.2/stax-ex-1.8.1.jar,file:/C:/Users/AshutoshKumar/.m2/repository/org/glassfish/jaxb/jaxb-runtime/2.3.2/FastInfoset-1.2.16.jar,file:/C:/Users/AshutoshKumar/.m2/repository/org/glassfish/jaxb/jaxb-runtime/2.3.2/jakarta.activation-api-1.2.1.jar
2020-05-07 18:28:24.263 [INFO ] [restartedMain] o.s.b.d.e.DevToolsPropertyDefaultsPostProcessor - Devtools property defaults active! Set 'spring.devtools.add-properties' to 'false' to disable
2020-05-07 18:28:24.263 [INFO ] [restartedMain] o.s.b.d.e.DevToolsPropertyDefaultsPostProcessor - For additional web related logging consider setting the 'logging.level.web' property to 'DEBUG'
2020-05-07 18:28:25.245 [INFO ] [restartedMain] o.s.d.r.c.RepositoryConfigurationDelegate - Bootstrapping Spring Data JPA repositories in DEFAULT mode.
2020-05-07 18:28:25.343 [INFO ] [restartedMain] o.s.d.r.c.RepositoryConfigurationDelegate - Finished Spring Data repository scanning in 85ms. Found 1 JPA repository interfaces.
2020-05-07 18:28:26.147 [INFO ] [restartedMain] o.s.b.w.e.t.TomcatWebServer - Tomcat initialized with port(s): 8083 (http)
2020-05-07 18:28:26.177 [INFO ] [restartedMain] o.a.c.c.StandardService - Starting service [Tomcat]
2020-05-07 18:28:26.178 [INFO ] [restartedMain] o.a.c.c.StandardEngine - Starting Servlet engine: [Apache Tomcat/9.0.33]
2020-05-07 18:28:26.374 [INFO ] [restartedMain] o.a.c.c.C.[.[.[/] - Initializing Spring embedded WebApplicationContext
2020-05-07 18:28:26.374 [INFO ] [restartedMain] o.s.w.c.ContextLoader - Root WebApplicationContext: initialization completed in 2110 ms
2020-05-07 18:28:26.596 [INFO ] [restartedMain] o.h.j.i.u.LogHelper - HHH000204: Processing PersistenceUnitInfo [name: default]
2020-05-07 18:28:26.689 [INFO ] [restartedMain] o.h.Version - HHH000412: Hibernate ORM core version 5.4.12.Final
2020-05-07 18:28:26.853 [INFO ] [restartedMain] o.h.a.c.Version - HCANN000001: Hibernate Commons Annotations {5.1.0.Final}
2020-05-07 18:28:27.027 [INFO ] [restartedMain] c.z.h.HikariDataSource - HikariPool-1 - Starting...
2020-05-07 18:28:27.217 [INFO ] [restartedMain] c.z.h.HikariDataSource - HikariPool-1 - Start completed.
2020-05-07 18:28:27.243 [INFO ] [restartedMain] o.h.d.Dialect - HHH000400: Using dialect: org.hibernate.dialect.MySQL55Dialect
2020-05-07 18:28:28.379 [INFO ] [restartedMain] o.h.e.t.j.p.i.JtaPlatformInitiator - HHH000490: Using JtaPlatform implementation: [org.hibernate.engine.transaction.jta.platform.internal.NoJtaPlatform]
2020-05-07 18:28:28.392 [INFO ] [restartedMain] o.s.o.j.LocalContainerEntityManagerFactoryBean - Initialized JPA EntityManagerFactory for persistence unit 'default'
2020-05-07 18:28:28.435 [INFO ] [restartedMain] o.s.b.d.a.OptionalLiveReloadServer - LiveReload server is running on port 35729
2020-05-07 18:28:28.908 [WARN ] [restartedMain] o.s.b.a.o.j.JpaBaseConfiguration$JpaWebConfiguration - spring.jpa.open-in-view is enabled by default. Therefore, database queries may be performed during view rendering. Explicitly configure spring.jpa.open-in-view to disable this warning
2020-05-07 18:28:29.086 [INFO ] [restartedMain] o.s.s.c.ThreadPoolTaskExecutor - Initializing ExecutorService 'applicationTaskExecutor'
2020-05-07 18:28:29.410 [INFO ] [restartedMain] o.s.b.w.e.t.TomcatWebServer - Tomcat started on port(s): 8083 (http) with context path ''
2020-05-07 18:28:29.417 [INFO ] [restartedMain] c.e.d.DevopscasestudyApplication - Started DevopscasestudyApplication in 5.856 seconds (JVM running for 9.921)
2020-05-07 18:28:32.983 [INFO ] [RMI TCP Connection(7)-127.0.0.1] o.s.b.a.SpringApplicationAdminMXBeanRegistrar$SpringApplicationAdmin - Application shutdown requested.
2020-05-07 18:28:32.988 [INFO ] [RMI TCP Connection(7)-127.0.0.1] o.s.s.c.ThreadPoolTaskExecutor - Shutting down ExecutorService 'applicationTaskExecutor'
2020-05-07 18:28:32.989 [INFO ] [RMI TCP Connection(7)-127.0.0.1] o.s.o.j.LocalContainerEntityManagerFactoryBean - Closing JPA EntityManagerFactory for persistence unit 'default'
2020-05-07 18:28:32.999 [INFO ] [RMI TCP Connection(7)-127.0.0.1] c.z.h.HikariDataSource - HikariPool-1 - Shutdown initiated...
2020-05-07 18:28:33.027 [INFO ] [RMI TCP Connection(7)-127.0.0.1] c.z.h.HikariDataSource - HikariPool-1 - Shutdown completed.
2020-05-07 18:28:56.654 [INFO ] [main] c.e.d.DevopscasestudyApplicationTests - Starting DevopscasestudyApplicationTests on DESKTOP-TKNVAOI with PID 8788 (started by AshutoshKumar in C:\devops\java\devopscasestudy)
2020-05-07 18:28:56.657 [INFO ] [main] c.e.d.DevopscasestudyApplicationTests - No active profile set, falling back to default profiles: default
2020-05-07 18:28:58.922 [INFO ] [main] o.s.d.r.c.RepositoryConfigurationDelegate - Bootstrapping Spring Data JPA repositories in DEFAULT mode.
2020-05-07 18:28:59.121 [INFO ] [main] o.s.d.r.c.RepositoryConfigurationDelegate - Finished Spring Data repository scanning in 166ms. Found 1 JPA repository interfaces.
2020-05-07 18:29:00.921 [INFO ] [main] o.h.j.i.u.LogHelper - HHH000204: Processing PersistenceUnitInfo [name: default]
2020-05-07 18:29:01.120 [INFO ] [main] o.h.Version - HHH000412: Hibernate ORM core version 5.4.12.Final
2020-05-07 18:29:01.423 [INFO ] [main] o.h.a.c.Version - HCANN000001: Hibernate Commons Annotations {5.1.0.Final}
2020-05-07 18:29:02.500 [INFO ] [main] c.z.h.HikariDataSource - HikariPool-1 - Starting...
2020-05-07 18:29:02.952 [INFO ] [main] c.z.h.HikariDataSource - HikariPool-1 - Start completed.
2020-05-07 18:29:03.022 [INFO ] [main] o.h.d.Dialect - HHH000400: Using dialect: org.hibernate.dialect.MySQL55Dialect
2020-05-07 18:29:04.694 [INFO ] [main] o.h.e.t.j.p.i.JtaPlatformInitiator - HHH000490: Using JtaPlatform implementation: [org.hibernate.engine.transaction.jta.platform.internal.NoJtaPlatform]
2020-05-07 18:29:04.705 [INFO ] [main] o.s.o.j.LocalContainerEntityManagerFactoryBean - Initialized JPA EntityManagerFactory for persistence unit 'default'
2020-05-07 18:29:06.761 [WARN ] [main] o.s.b.a.o.j.JpaBaseConfiguration$JpaWebConfiguration - spring.jpa.open-in-view is enabled by default. Therefore, database queries may be performed during view rendering. Explicitly configure spring.jpa.open-in-view to disable this warning
2020-05-07 18:29:07.952 [INFO ] [main] o.s.s.c.ThreadPoolTaskExecutor - Initializing ExecutorService 'applicationTaskExecutor'
2020-05-07 18:29:09.697 [INFO ] [main] c.e.d.DevopscasestudyApplicationTests - Started DevopscasestudyApplicationTests in 14.105 seconds (JVM running for 18.396)
2020-05-07 18:29:10.936 [INFO ] [SpringContextShutdownHook] o.s.s.c.ThreadPoolTaskExecutor - Shutting down ExecutorService 'applicationTaskExecutor'
2020-05-07 18:29:10.941 [INFO ] [SpringContextShutdownHook] o.s.o.j.LocalContainerEntityManagerFactoryBean - Closing JPA EntityManagerFactory for persistence unit 'default'
2020-05-07 18:29:10.947 [INFO ] [SpringContextShutdownHook] c.z.h.HikariDataSource - HikariPool-1 - Shutdown initiated...
2020-05-07 18:29:11.006 [INFO ] [SpringContextShutdownHook] c.z.h.HikariDataSource - HikariPool-1 - Shutdown completed.
2020-05-07 18:29:27.826 [INFO ] [restartedMain] c.e.d.DevopscasestudyApplication - Starting DevopscasestudyApplication on DESKTOP-TKNVAOI with PID 23152 (C:\devops\java\devopscasestudy\target\classes started by AshutoshKumar in C:\devops\java\devopscasestudy)
2020-05-07 18:29:27.833 [INFO ] [restartedMain] c.e.d.DevopscasestudyApplication - No active profile set, falling back to default profiles: default
2020-05-07 18:29:28.012 [INFO ] [restartedMain] o.s.b.d.r.ChangeableUrls - The Class-Path manifest attribute in C:\Users\AshutoshKumar\.m2\repository\org\glassfish\jaxb\jaxb-runtime\2.3.2\jaxb-runtime-2.3.2.jar referenced one or more files that do not exist: file:/C:/Users/AshutoshKumar/.m2/repository/org/glassfish/jaxb/jaxb-runtime/2.3.2/jakarta.xml.bind-api-2.3.2.jar,file:/C:/Users/AshutoshKumar/.m2/repository/org/glassfish/jaxb/jaxb-runtime/2.3.2/txw2-2.3.2.jar,file:/C:/Users/AshutoshKumar/.m2/repository/org/glassfish/jaxb/jaxb-runtime/2.3.2/istack-commons-runtime-3.0.8.jar,file:/C:/Users/AshutoshKumar/.m2/repository/org/glassfish/jaxb/jaxb-runtime/2.3.2/stax-ex-1.8.1.jar,file:/C:/Users/AshutoshKumar/.m2/repository/org/glassfish/jaxb/jaxb-runtime/2.3.2/FastInfoset-1.2.16.jar,file:/C:/Users/AshutoshKumar/.m2/repository/org/glassfish/jaxb/jaxb-runtime/2.3.2/jakarta.activation-api-1.2.1.jar
2020-05-07 18:29:28.013 [INFO ] [restartedMain] o.s.b.d.e.DevToolsPropertyDefaultsPostProcessor - Devtools property defaults active! Set 'spring.devtools.add-properties' to 'false' to disable
2020-05-07 18:29:28.013 [INFO ] [restartedMain] o.s.b.d.e.DevToolsPropertyDefaultsPostProcessor - For additional web related logging consider setting the 'logging.level.web' property to 'DEBUG'
2020-05-07 18:29:28.924 [INFO ] [restartedMain] o.s.d.r.c.RepositoryConfigurationDelegate - Bootstrapping Spring Data JPA repositories in DEFAULT mode.
2020-05-07 18:29:29.035 [INFO ] [restartedMain] o.s.d.r.c.RepositoryConfigurationDelegate - Finished Spring Data repository scanning in 92ms. Found 1 JPA repository interfaces.
2020-05-07 18:29:30.099 [INFO ] [restartedMain] o.s.b.w.e.t.TomcatWebServer - Tomcat initialized with port(s): 8083 (http)
2020-05-07 18:29:30.134 [INFO ] [restartedMain] o.a.c.c.StandardService - Starting service [Tomcat]
2020-05-07 18:29:30.135 [INFO ] [restartedMain] o.a.c.c.StandardEngine - Starting Servlet engine: [Apache Tomcat/9.0.33]
2020-05-07 18:29:30.353 [INFO ] [restartedMain] o.a.c.c.C.[.[.[/] - Initializing Spring embedded WebApplicationContext
2020-05-07 18:29:30.354 [INFO ] [restartedMain] o.s.w.c.ContextLoader - Root WebApplicationContext: initialization completed in 2340 ms
2020-05-07 18:29:30.548 [INFO ] [restartedMain] o.h.j.i.u.LogHelper - HHH000204: Processing PersistenceUnitInfo [name: default]
2020-05-07 18:29:30.631 [INFO ] [restartedMain] o.h.Version - HHH000412: Hibernate ORM core version 5.4.12.Final
2020-05-07 18:29:30.819 [INFO ] [restartedMain] o.h.a.c.Version - HCANN000001: Hibernate Commons Annotations {5.1.0.Final}
2020-05-07 18:29:30.975 [INFO ] [restartedMain] c.z.h.HikariDataSource - HikariPool-1 - Starting...
2020-05-07 18:29:31.194 [INFO ] [restartedMain] c.z.h.HikariDataSource - HikariPool-1 - Start completed.
2020-05-07 18:29:31.213 [INFO ] [restartedMain] o.h.d.Dialect - HHH000400: Using dialect: org.hibernate.dialect.MySQL55Dialect
2020-05-07 18:29:32.166 [INFO ] [restartedMain] o.h.e.t.j.p.i.JtaPlatformInitiator - HHH000490: Using JtaPlatform implementation: [org.hibernate.engine.transaction.jta.platform.internal.NoJtaPlatform]
2020-05-07 18:29:32.177 [INFO ] [restartedMain] o.s.o.j.LocalContainerEntityManagerFactoryBean - Initialized JPA EntityManagerFactory for persistence unit 'default'
2020-05-07 18:29:32.217 [INFO ] [restartedMain] o.s.b.d.a.OptionalLiveReloadServer - LiveReload server is running on port 35729
2020-05-07 18:29:32.655 [WARN ] [restartedMain] o.s.b.a.o.j.JpaBaseConfiguration$JpaWebConfiguration - spring.jpa.open-in-view is enabled by default. Therefore, database queries may be performed during view rendering. Explicitly configure spring.jpa.open-in-view to disable this warning
2020-05-07 18:29:32.814 [INFO ] [restartedMain] o.s.s.c.ThreadPoolTaskExecutor - Initializing ExecutorService 'applicationTaskExecutor'
2020-05-07 18:29:33.126 [INFO ] [restartedMain] o.s.b.w.e.t.TomcatWebServer - Tomcat started on port(s): 8083 (http) with context path ''
2020-05-07 18:29:33.131 [INFO ] [restartedMain] c.e.d.DevopscasestudyApplication - Started DevopscasestudyApplication in 5.889 seconds (JVM running for 7.806)
2020-05-07 18:42:52.300 [INFO ] [Thread-4] o.s.s.c.ThreadPoolTaskExecutor - Shutting down ExecutorService 'applicationTaskExecutor'
2020-05-07 18:42:52.304 [INFO ] [Thread-4] o.s.o.j.LocalContainerEntityManagerFactoryBean - Closing JPA EntityManagerFactory for persistence unit 'default'
2020-05-07 18:42:52.319 [INFO ] [Thread-4] c.z.h.HikariDataSource - HikariPool-1 - Shutdown initiated...
2020-05-07 18:42:52.343 [INFO ] [Thread-4] c.z.h.HikariDataSource - HikariPool-1 - Shutdown completed.
2020-05-07 18:42:53.078 [INFO ] [restartedMain] c.e.d.DevopscasestudyApplication - Starting DevopscasestudyApplication on DESKTOP-TKNVAOI with PID 23152 (C:\devops\java\devopscasestudy\target\classes started by AshutoshKumar in C:\devops\java\devopscasestudy)
2020-05-07 18:42:53.079 [INFO ] [restartedMain] c.e.d.DevopscasestudyApplication - No active profile set, falling back to default profiles: default
2020-05-07 18:42:53.441 [INFO ] [restartedMain] o.s.d.r.c.RepositoryConfigurationDelegate - Bootstrapping Spring Data JPA repositories in DEFAULT mode.
2020-05-07 18:42:53.455 [INFO ] [restartedMain] o.s.d.r.c.RepositoryConfigurationDelegate - Finished Spring Data repository scanning in 13ms. Found 1 JPA repository interfaces.
2020-05-07 18:42:53.623 [INFO ] [restartedMain] o.s.b.w.e.t.TomcatWebServer - Tomcat initialized with port(s): 8083 (http)
2020-05-07 18:42:53.625 [INFO ] [restartedMain] o.a.c.c.StandardService - Starting service [Tomcat]
2020-05-07 18:42:53.626 [INFO ] [restartedMain] o.a.c.c.StandardEngine - Starting Servlet engine: [Apache Tomcat/9.0.33]
2020-05-07 18:42:53.664 [INFO ] [restartedMain] o.a.c.c.C.[.[.[/] - Initializing Spring embedded WebApplicationContext
2020-05-07 18:42:53.664 [INFO ] [restartedMain] o.s.w.c.ContextLoader - Root WebApplicationContext: initialization completed in 582 ms
2020-05-07 18:42:53.715 [INFO ] [restartedMain] o.h.j.i.u.LogHelper - HHH000204: Processing PersistenceUnitInfo [name: default]
2020-05-07 18:42:53.723 [INFO ] [restartedMain] c.z.h.HikariDataSource - HikariPool-2 - Starting...
2020-05-07 18:42:53.730 [INFO ] [restartedMain] c.z.h.HikariDataSource - HikariPool-2 - Start completed.
2020-05-07 18:42:53.730 [INFO ] [restartedMain] o.h.d.Dialect - HHH000400: Using dialect: org.hibernate.dialect.MySQL55Dialect
2020-05-07 18:42:54.065 [INFO ] [restartedMain] o.h.e.t.j.p.i.JtaPlatformInitiator - HHH000490: Using JtaPlatform implementation: [org.hibernate.engine.transaction.jta.platform.internal.NoJtaPlatform]
2020-05-07 18:42:54.066 [INFO ] [restartedMain] o.s.o.j.LocalContainerEntityManagerFactoryBean - Initialized JPA EntityManagerFactory for persistence unit 'default'
2020-05-07 18:42:54.083 [INFO ] [restartedMain] o.s.b.d.a.OptionalLiveReloadServer - LiveReload server is running on port 35729
2020-05-07 18:42:54.185 [WARN ] [restartedMain] o.s.b.a.o.j.JpaBaseConfiguration$JpaWebConfiguration - spring.jpa.open-in-view is enabled by default. Therefore, database queries may be performed during view rendering. Explicitly configure spring.jpa.open-in-view to disable this warning
2020-05-07 18:42:54.251 [INFO ] [restartedMain] o.s.s.c.ThreadPoolTaskExecutor - Initializing ExecutorService 'applicationTaskExecutor'
2020-05-07 18:42:54.414 [INFO ] [restartedMain] o.s.b.w.e.t.TomcatWebServer - Tomcat started on port(s): 8083 (http) with context path ''
2020-05-07 18:42:54.416 [INFO ] [restartedMain] c.e.d.DevopscasestudyApplication - Started DevopscasestudyApplication in 1.395 seconds (JVM running for 809.091)
2020-05-07 18:42:54.427 [INFO ] [restartedMain] o.s.b.d.a.ConditionEvaluationDeltaLoggingListener - Condition evaluation unchanged
2020-05-07 18:43:07.961 [INFO ] [Thread-8] o.s.s.c.ThreadPoolTaskExecutor - Shutting down ExecutorService 'applicationTaskExecutor'
2020-05-07 18:43:07.963 [INFO ] [Thread-8] o.s.o.j.LocalContainerEntityManagerFactoryBean - Closing JPA EntityManagerFactory for persistence unit 'default'
2020-05-07 18:43:07.965 [INFO ] [Thread-8] c.z.h.HikariDataSource - HikariPool-2 - Shutdown initiated...
2020-05-07 18:43:07.980 [INFO ] [Thread-8] c.z.h.HikariDataSource - HikariPool-2 - Shutdown completed.
